[33m>[39m Checking your system
[33m>[39m Checking package manager version
[32m√[39m Found npm@11.3.0
[32m√[39m Checking your system
[?25h[33m>[39m Loading configuration
[32m√[39m Loading configuration
[33m>[39m Resolving make targets
› Making for the following targets: , 
[32m√[39m Resolving make targets
[33m>[39m Running package command
[33m>[39m Preparing to package application
[32m√[39m Preparing to package application
[33m>[39m Running packaging hooks
[33m>[39m Running generateAssets hook
[32m√[39m Running generateAssets hook
[33m>[39m Running prePackage hook
[32m√[39m Running prePackage hook
[32m√[39m Running packaging hooks
[33m>[39m Packaging application
› Determining targets...
[33m>[39m Packaging for x64 on win32
[33m>[39m Copying files
[33m>[39m Preparing native dependencies
[33m>[39m Finalizing package
[32m√[39m Copying files
[32m√[39m Preparing native dependencies
[31m×[39m Finalizing package [31m[FAILED: ENOENT: no such file or directory, open 'C:\Users\admin\AppData\Local\Temp\electron-packager\tmp-hEULBa\resources\app\node_modules\postcss\LICENSE'][39m
[31m×[39m Packaging for x64 on win32 [31m[FAILED: ENOENT: no such file or directory, open 'C:\Users\admin\AppData\Local\Temp\electron-packager\tmp-hEULBa\resources\app\node_modules\postcss\LICENSE'][39m
[31m×[39m Packaging application [31m[FAILED: ENOENT: no such file or directory, open 'C:\Users\admin\AppData\Local\Temp\electron-packager\tmp-hEULBa\resources\app\node_modules\postcss\LICENSE'][39m
[31m×[39m Running package command [31m[FAILED: ENOENT: no such file or directory, open 'C:\Users\admin\AppData\Local\Temp\electron-packager\tmp-hEULBa\resources\app\node_modules\postcss\LICENSE'][39m
[?25h
An unhandled rejection has occurred inside Forge:
Error: ENOENT: no such file or directory, open 'C:\Users\admin\AppData\Local\Temp\electron-packager\tmp-hEULBa\resources\app\node_modules\postcss\LICENSE'

